0 info it worked if it ends with ok
1 verbose cli [ 'D:\\soft\\node.js\\install\\node.exe',
1 verbose cli   'D:\\soft\\node.js\\install\\node_modules\\npm\\bin\\npm-cli.js',
1 verbose cli   'run',
1 verbose cli   'build' ]
2 info using npm@3.8.9
3 info using node@v6.2.0
4 verbose stack Error: ENOENT: no such file or directory, open 'F:\vue_app\vue_hybrid_app\package.json'
4 verbose stack     at Error (native)
5 verbose cwd F:\vue_app\vue_hybrid_app
6 error Windows_NT 6.1.7601
7 error argv "D:\\soft\\node.js\\install\\node.exe" "D:\\soft\\node.js\\install\\node_modules\\npm\\bin\\npm-cli.js" "run" "build"
8 error node v6.2.0
9 error npm  v3.8.9
10 error path F:\vue_app\vue_hybrid_app\package.json
11 error code ENOENT
12 error errno -4058
13 error syscall open
14 error enoent ENOENT: no such file or directory, open 'F:\vue_app\vue_hybrid_app\package.json'
15 error enoent ENOENT: no such file or directory, open 'F:\vue_app\vue_hybrid_app\package.json'
15 error enoent This is most likely not a problem with npm itself
15 error enoent and is related to npm not being able to find a file.
16 verbose exit [ -4058, true ]
